2022-06-22 21:23:03,610 [INFO] Initialized logging. log_filename = cic_ids_2017_prepared_4-way5-shot_T8n95q_E4n45q_V12n35q/run_log.log
2022-06-22 21:23:03,610 [INFO] Running script with following parameters
{'hdf_key': 'cic_ids_2017',
 'ids2017_datasets_dir': 'MachineLearningCSV/MachineLearningCVE',
 'ids2017_files_list': ['Friday-WorkingHours-Afternoon-DDos.pcap_ISCX.csv',
                        'Friday-WorkingHours-Afternoon-PortScan.pcap_ISCX.csv',
                        'Friday-WorkingHours-Morning.pcap_ISCX.csv',
                        'Monday-WorkingHours.pcap_ISCX.csv',
                        'Thursday-WorkingHours-Afternoon-Infilteration.pcap_ISCX.csv',
                        'Thursday-WorkingHours-Morning-WebAttacks.pcap_ISCX.csv',
                        'Tuesday-WorkingHours.pcap_ISCX.csv',
                        'Wednesday-workingHours.pcap_ISCX.csv'],
 'k_shot': 5,
 'n_test': 4,
 'n_train': 8,
 'n_val': 12,
 'output_dir': 'cic_ids_2017_prepared_4-way5-shot_T8n95q_E4n45q_V12n35q',
 'output_dir_prefix': 'cic_ids_2017_prepared',
 'q_test': 45,
 'q_train': 95,
 'q_val': 35}
2022-06-22 21:23:03,610 [INFO] Loading datasets
2022-06-22 21:23:03,610 [INFO] Loading datasets in files
2022-06-22 21:23:03,611 [INFO] Reading CSV dataset MachineLearningCSV/MachineLearningCVE/Friday-WorkingHours-Afternoon-DDos.pcap_ISCX.csv
2022-06-22 21:23:04,624 [INFO] Reading complete. time_to_read=1.01 sec
2022-06-22 21:23:04,624 [INFO] Reading CSV dataset MachineLearningCSV/MachineLearningCVE/Friday-WorkingHours-Afternoon-PortScan.pcap_ISCX.csv
2022-06-22 21:23:05,679 [INFO] Reading complete. time_to_read=1.05 sec
2022-06-22 21:23:05,679 [INFO] Reading CSV dataset MachineLearningCSV/MachineLearningCVE/Friday-WorkingHours-Morning.pcap_ISCX.csv
2022-06-22 21:23:06,455 [INFO] Reading complete. time_to_read=0.78 sec
2022-06-22 21:23:06,455 [INFO] Reading CSV dataset MachineLearningCSV/MachineLearningCVE/Monday-WorkingHours.pcap_ISCX.csv
2022-06-22 21:23:08,759 [INFO] Reading complete. time_to_read=2.30 sec
2022-06-22 21:23:08,759 [INFO] Reading CSV dataset MachineLearningCSV/MachineLearningCVE/Thursday-WorkingHours-Afternoon-Infilteration.pcap_ISCX.csv
2022-06-22 21:23:09,884 [INFO] Reading complete. time_to_read=1.13 sec
2022-06-22 21:23:09,884 [INFO] Reading CSV dataset MachineLearningCSV/MachineLearningCVE/Thursday-WorkingHours-Morning-WebAttacks.pcap_ISCX.csv
2022-06-22 21:23:10,602 [INFO] Reading complete. time_to_read=0.72 sec
2022-06-22 21:23:10,602 [INFO] Reading CSV dataset MachineLearningCSV/MachineLearningCVE/Tuesday-WorkingHours.pcap_ISCX.csv
2022-06-22 21:23:12,440 [INFO] Reading complete. time_to_read=1.84 sec
2022-06-22 21:23:12,440 [INFO] Reading CSV dataset MachineLearningCSV/MachineLearningCVE/Wednesday-workingHours.pcap_ISCX.csv
2022-06-22 21:23:15,355 [INFO] Reading complete. time_to_read=2.91 sec
2022-06-22 21:23:16,239 [INFO] Loading datasets complete
2022-06-22 21:23:16,249 [INFO] Converting unicode labels to ascii
2022-06-22 21:23:18,943 [INFO] Converting object type in columns 14, 15 to float64
2022-06-22 21:23:20,602 [INFO] Removing invalid values (inf, nan)
2022-06-22 21:23:23,063 [INFO] Removed no. of rows = 2867
2022-06-22 21:23:23,182 [INFO] Total count = 2827876
2022-06-22 21:23:23,183 [INFO] Label counts below
2022-06-22 21:23:23,183 [INFO] 
BENIGN                      2271320
DoS Hulk                     230124
PortScan                     158804
DDoS                         128025
DoS GoldenEye                 10293
FTP-Patator                    7935
SSH-Patator                    5897
DoS slowloris                  5796
DoS Slowhttptest               5499
Bot                            1956
Web Attack Brute Force         1507
Web Attack XSS                  652
Infiltration                     36
Web Attack Sql Injection         21
Heartbleed                       11
Name: Label, dtype: int64
2022-06-22 21:23:23,183 [INFO] Label percentages below
2022-06-22 21:23:23,184 [INFO] 
BENIGN                     0.8032
DoS Hulk                   0.0814
PortScan                   0.0562
DDoS                       0.0453
DoS GoldenEye              0.0036
FTP-Patator                0.0028
SSH-Patator                0.0021
DoS slowloris              0.0020
DoS Slowhttptest           0.0019
Bot                        0.0007
Web Attack Brute Force     0.0005
Web Attack XSS             0.0002
Infiltration               0.0000
Web Attack Sql Injection   0.0000
Heartbleed                 0.0000
Name: Label, dtype: float64
2022-06-22 21:23:27,394 [INFO] Train set :
BENIGN           100
DDoS             100
DoS GoldenEye    100
DoS Hulk         100
DoS slowloris    100
FTP-Patator      100
PortScan         100
SSH-Patator      100
Name: Label, dtype: int64
2022-06-22 21:23:27,395 [INFO] Test set :
Bot                       50
DoS Slowhttptest          50
Web Attack Brute Force    50
Web Attack XSS            50
Name: Label, dtype: int64
2022-06-22 21:23:27,396 [INFO] Validation set :
BENIGN                    40
DDoS                      40
DoS GoldenEye             40
DoS Hulk                  40
DoS slowloris             40
FTP-Patator               40
PortScan                  40
SSH-Patator               40
Bot                       40
DoS Slowhttptest          40
Web Attack Brute Force    40
Web Attack XSS            40
Name: Label, dtype: int64
2022-06-22 21:23:27,529 [INFO] Remaining df :
BENIGN                      2271180
DoS Hulk                     229984
PortScan                     158664
DDoS                         127885
DoS GoldenEye                 10153
FTP-Patator                    7795
SSH-Patator                    5757
DoS slowloris                  5656
DoS Slowhttptest               5409
Bot                            1866
Web Attack Brute Force         1417
Web Attack XSS                  562
Infiltration                     36
Web Attack Sql Injection         21
Heartbleed                       11
Name: Label, dtype: int64
2022-06-22 21:23:27,529 [INFO] Saving prepared datasets (train, val, test) to: cic_ids_2017_prepared_4-way5-shot_T8n95q_E4n45q_V12n35q
2022-06-22 21:23:27,529 [INFO] Writing dataset to HDF5 format. filename=cic_ids_2017_prepared_4-way5-shot_T8n95q_E4n45q_V12n35q/x_meta_train.h5
2022-06-22 21:23:27,576 [INFO] Writing complete. time_to_write=0.04645729064941406
2022-06-22 21:23:27,576 [INFO] Writing dataset to HDF5 format. filename=cic_ids_2017_prepared_4-way5-shot_T8n95q_E4n45q_V12n35q/y_meta_train.h5
2022-06-22 21:23:27,580 [INFO] Writing complete. time_to_write=0.004520416259765625
2022-06-22 21:23:27,581 [INFO] Writing dataset to HDF5 format. filename=cic_ids_2017_prepared_4-way5-shot_T8n95q_E4n45q_V12n35q/x_meta_test.h5
2022-06-22 21:23:27,590 [INFO] Writing complete. time_to_write=0.009683847427368164
2022-06-22 21:23:27,591 [INFO] Writing dataset to HDF5 format. filename=cic_ids_2017_prepared_4-way5-shot_T8n95q_E4n45q_V12n35q/y_meta_test.h5
2022-06-22 21:23:27,594 [INFO] Writing complete. time_to_write=0.0035457611083984375
2022-06-22 21:23:27,594 [INFO] Writing dataset to HDF5 format. filename=cic_ids_2017_prepared_4-way5-shot_T8n95q_E4n45q_V12n35q/x_meta_val.h5
2022-06-22 21:23:27,607 [INFO] Writing complete. time_to_write=0.013094425201416016
2022-06-22 21:23:27,608 [INFO] Writing dataset to HDF5 format. filename=cic_ids_2017_prepared_4-way5-shot_T8n95q_E4n45q_V12n35q/y_meta_val.h5
2022-06-22 21:23:27,611 [INFO] Writing complete. time_to_write=0.0038297176361083984
2022-06-22 21:23:27,612 [INFO] Writing dataset to HDF5 format. filename=cic_ids_2017_prepared_4-way5-shot_T8n95q_E4n45q_V12n35q/remaining_df.h5
2022-06-22 21:23:55,360 [INFO] Writing complete. time_to_write=27.748389720916748
2022-06-22 21:23:55,360 [INFO] Saving complete
2022-06-22 21:23:55,360 [INFO] Meta train dataset shape = (800, 78)
2022-06-22 21:23:55,360 [INFO] Meta test dataset shape = (200, 78)
2022-06-22 21:23:55,360 [INFO] Meta val dataset shape = (480, 78)
2022-06-22 21:23:55,361 [INFO] 8 Labels used int meta train = 
BENIGN, DDoS, DoS GoldenEye, DoS Hulk, DoS slowloris, FTP-Patator, PortScan, SSH-Patator
2022-06-22 21:23:55,361 [INFO] 4 Labels used int meta test = 
Bot, DoS Slowhttptest, Web Attack Brute Force, Web Attack XSS
2022-06-22 21:23:55,361 [INFO] 12 Labels used int meta val = 
BENIGN, DDoS, DoS GoldenEye, DoS Hulk, DoS slowloris, FTP-Patator, PortScan, SSH-Patator, Bot, DoS Slowhttptest, Web Attack Brute Force, Web Attack XSS
2022-06-22 21:23:55,431 [INFO] Data preparation complete
